#
# There is insufficient memory for the Java Runtime Environment to continue.
# Native memory allocation (malloc) failed to allocate 827056 bytes. Error detail: Chunk::new
# Possible reasons:
#   The system is out of physical RAM or swap space
#   This process is running with CompressedOops enabled, and the Java Heap may be blocking the growth of the native heap
# Possible solutions:
#   Reduce memory load on the system
#   Increase physical memory or swap space
#   Check if swap backing store is full
#   Decrease Java heap size (-Xmx/-Xms)
#   Decrease number of Java threads
#   Decrease Java thread stack sizes (-Xss)
#   Set larger code cache with -XX:ReservedCodeCacheSize=
#   JVM is running with Unscaled Compressed Oops mode in which the Java heap is
#     placed in the first 4GB address space. The Java Heap base address is the
#     maximum limit for the native heap growth. Please use -XX:HeapBaseMinAddress
#     to set the Java Heap base and to place the Java Heap above 4GB virtual address.
# This output file may be truncated or incomplete.
#
#  Out of Memory Error (arena.cpp:168), pid=19604, tid=13368
#
# JRE version: OpenJDK Runtime Environment JBR-21.0.3+13-509.4-jcef (21.0.3+13) (build 21.0.3+13-b509.4)
# Java VM: OpenJDK 64-Bit Server VM JBR-21.0.3+13-509.4-jcef (21.0.3+13-b509.4, mixed mode, tiered, compressed oops, compressed class ptrs, g1 gc, windows-amd64)
# No core dump will be written. Minidumps are not enabled by default on client versions of Windows
#

---------------  S U M M A R Y ------------

Command Line: git4idea.http.GitAskPassApp Username for 'https://github.com': 

Host: Intel(R) Core(TM) i7-7600U CPU @ 2.80GHz, 4 cores, 7G,  Windows 11 , 64 bit Build 22621 (10.0.22621.4391)
Time: Sat Jan 11 11:53:34 2025 E. Africa Standard Time elapsed time: 2.041328 seconds (0d 0h 0m 2s)

---------------  T H R E A D  ---------------

Current thread (0x0000020397a0ade0):  JavaThread "C2 CompilerThread1" daemon [_thread_in_native, id=13368, stack(0x0000005cd0c00000,0x0000005cd0d00000) (1024K)]


Current CompileTask:
C2:   2041 1029       4       sun.security.ec.ECOperations::setDouble (463 bytes)

Stack: [0x0000005cd0c00000,0x0000005cd0d00000]
Native frames: (J=compiled Java code, j=interpreted, Vv=VM code, C=native code)
V  [jvm.dll+0x6e02e9]
V  [jvm.dll+0x8bd373]
V  [jvm.dll+0x8bf8ce]
V  [jvm.dll+0x8bffb3]
V  [jvm.dll+0x2879b6]
V  [jvm.dll+0xc60ad]
V  [jvm.dll+0xc65e3]
V  [jvm.dll+0x2fd071]
V  [jvm.dll+0x607b19]
V  [jvm.dll+0x258392]
V  [jvm.dll+0x25874f]
V  [jvm.dll+0x251035]
V  [jvm.dll+0x24e88e]
V  [jvm.dll+0x1cd024]
V  [jvm.dll+0x25e12c]
V  [jvm.dll+0x25c606]
V  [jvm.dll+0x3fb046]
V  [jvm.dll+0x865328]
V  [jvm.dll+0x6deb2d]
C  [ucrtbase.dll+0x29333]
C  [KERNEL32.DLL+0x1259d]
C  [ntdll.dll+0x5af38]


---------------  P R O C E S S  ---------------

Threads class SMR info:
_java_thread_list=0x000002039774e600, length=15, elements={
0x00000203fd1f12f0, 0x0000020397243d70, 0x0000020397247520, 0x000002039724e520,
0x000002039724be10, 0x000002039724d1c0, 0x000002039725b040, 0x000002039725cff0,
0x00000203972603f0, 0x00000203974068d0, 0x000002039741d850, 0x0000020397948fc0,
0x00000203979a15e0, 0x0000020397a12310, 0x0000020397a0ade0
}

Java Threads: ( => current thread )
  0x00000203fd1f12f0 JavaThread "main"                              [_thread_blocked, id=11748, stack(0x0000005ccf600000,0x0000005ccf700000) (1024K)]
  0x0000020397243d70 JavaThread "Reference Handler"          daemon [_thread_blocked, id=21332, stack(0x0000005ccfe00000,0x0000005ccff00000) (1024K)]
  0x0000020397247520 JavaThread "Finalizer"                  daemon [_thread_blocked, id=17356, stack(0x0000005ccff00000,0x0000005cd0000000) (1024K)]
  0x000002039724e520 JavaThread "Signal Dispatcher"          daemon [_thread_blocked, id=9616, stack(0x0000005cd0000000,0x0000005cd0100000) (1024K)]
  0x000002039724be10 JavaThread "Attach Listener"            daemon [_thread_blocked, id=2540, stack(0x0000005cd0100000,0x0000005cd0200000) (1024K)]
  0x000002039724d1c0 JavaThread "Service Thread"             daemon [_thread_blocked, id=9160, stack(0x0000005cd0200000,0x0000005cd0300000) (1024K)]
  0x000002039725b040 JavaThread "Monitor Deflation Thread"   daemon [_thread_blocked, id=15236, stack(0x0000005cd0300000,0x0000005cd0400000) (1024K)]
  0x000002039725cff0 JavaThread "C2 CompilerThread0"         daemon [_thread_in_native, id=3432, stack(0x0000005cd0400000,0x0000005cd0500000) (1024K)]
  0x00000203972603f0 JavaThread "C1 CompilerThread0"         daemon [_thread_blocked, id=18532, stack(0x0000005cd0500000,0x0000005cd0600000) (1024K)]
  0x00000203974068d0 JavaThread "Notification Thread"        daemon [_thread_blocked, id=17772, stack(0x0000005cd0600000,0x0000005cd0700000) (1024K)]
  0x000002039741d850 JavaThread "Common-Cleaner"             daemon [_thread_blocked, id=22628, stack(0x0000005cd0700000,0x0000005cd0800000) (1024K)]
  0x0000020397948fc0 JavaThread "HttpClient-1-SelectorManager" daemon [_thread_in_native, id=13924, stack(0x0000005cd0800000,0x0000005cd0900000) (1024K)]
  0x00000203979a15e0 JavaThread "HttpClient-1-Worker-0"      daemon [_thread_in_vm, id=1584, stack(0x0000005cd0a00000,0x0000005cd0b00000) (1024K)]
  0x0000020397a12310 JavaThread "HttpClient-1-Worker-1"      daemon [_thread_blocked, id=8060, stack(0x0000005cd0b00000,0x0000005cd0c00000) (1024K)]
=>0x0000020397a0ade0 JavaThread "C2 CompilerThread1"         daemon [_thread_in_native, id=13368, stack(0x0000005cd0c00000,0x0000005cd0d00000) (1024K)]
Total: 15

Other Threads:
  0x0000020396f985b0 VMThread "VM Thread"                           [id=20456, stack(0x0000005ccfd00000,0x0000005ccfe00000) (1024K)]
  0x0000020396f0dfa0 WatcherThread "VM Periodic Task Thread"        [id=7592, stack(0x0000005ccfc00000,0x0000005ccfd00000) (1024K)]
  0x00000203ff36e420 WorkerThread "GC Thread#0"                     [id=7088, stack(0x0000005ccf700000,0x0000005ccf800000) (1024K)]
  0x0000020397a0b490 WorkerThread "GC Thread#1"                     [id=2576, stack(0x0000005cd0d00000,0x0000005cd0e00000) (1024K)]
  0x0000020397d7ee60 WorkerThread "GC Thread#2"                     [id=14668, stack(0x0000005cd0e00000,0x0000005cd0f00000) (1024K)]
  0x00000203975fec20 WorkerThread "GC Thread#3"                     [id=4280, stack(0x0000005cd0f00000,0x0000005cd1000000) (1024K)]
  0x00000203ff3826c0 ConcurrentGCThread "G1 Main Marker"            [id=19744, stack(0x0000005ccf800000,0x0000005ccf900000) (1024K)]
  0x00000203ff3831c0 WorkerThread "G1 Conc#0"                       [id=2876, stack(0x0000005ccf900000,0x0000005ccfa00000) (1024K)]
  0x0000020396de50d0 ConcurrentGCThread "G1 Refine#0"               [id=13840, stack(0x0000005ccfa00000,0x0000005ccfb00000) (1024K)]
  0x0000020396de5a50 ConcurrentGCThread "G1 Service"                [id=16856, stack(0x0000005ccfb00000,0x0000005ccfc00000) (1024K)]
Total: 10

Threads with active compile tasks:
C2 CompilerThread0     2120 1061       4       sun.security.util.math.intpoly.IntegerPolynomial$MutableElement::setProduct (58 bytes)
C2 CompilerThread1     2120 1029       4       sun.security.ec.ECOperations::setDouble (463 bytes)
Total: 2

VM state: not at safepoint (normal execution)

VM Mutex/Monitor currently owned by a thread: None

Heap address: 0x0000000082600000, size: 2010 MB, Compressed Oops mode: 32-bit

CDS archive(s) not mapped
Compressed class space mapped at: 0x0000000100000000-0x0000000140000000, reserved size: 1073741824
Narrow klass base: 0x0000000000000000, Narrow klass shift: 3, Narrow klass range: 0x140000000

GC Precious Log:
 CardTable entry size: 512
 Card Set container configuration: InlinePtr #cards 5 size 8 Array Of Cards #cards 12 size 40 Howl #buckets 4 coarsen threshold 1843 Howl Bitmap #cards 512 size 80 coarsen threshold 460 Card regions per heap region 1 cards per card region 2048
 CPUs: 4 total, 4 available
 Memory: 8039M
 Large Page Support: Disabled
 NUMA Support: Disabled
 Compressed Oops: Enabled (32-bit)
 Heap Region Size: 1M
 Heap Min Capacity: 8M
 Heap Initial Capacity: 126M
 Heap Max Capacity: 2010M
 Pre-touch: Disabled
 Parallel Workers: 4
 Concurrent Workers: 1
 Concurrent Refinement Workers: 4
 Periodic GC: Disabled

Heap:
 garbage-first heap   total 129024K, used 2357K [0x0000000082600000, 0x0000000100000000)
  region size 1024K, 3 young (3072K), 2 survivors (2048K)
 Metaspace       used 17396K, committed 17664K, reserved 1114112K
  class space    used 1726K, committed 1856K, reserved 1048576K

Heap Regions: E=young(eden), S=young(survivor), O=old, HS=humongous(starts), HC=humongous(continues), CS=collection set, F=free, TAMS=top-at-mark-start, PB=parsable bottom
|   0|0x0000000082600000, 0x000000008264d508, 0x0000000082700000| 30%| O|  |TAMS 0x0000000082600000| PB 0x0000000082600000| Untracked 
|   1|0x0000000082700000, 0x0000000082700000, 0x0000000082800000|  0%| F|  |TAMS 0x0000000082700000| PB 0x0000000082700000| Untracked 
|   2|0x0000000082800000, 0x0000000082800000, 0x0000000082900000|  0%| F|  |TAMS 0x0000000082800000| PB 0x0000000082800000| Untracked 
|   3|0x0000000082900000, 0x0000000082900000, 0x0000000082a00000|  0%| F|  |TAMS 0x0000000082900000| PB 0x0000000082900000| Untracked 
|   4|0x0000000082a00000, 0x0000000082a00000, 0x0000000082b00000|  0%| F|  |TAMS 0x0000000082a00000| PB 0x0000000082a00000| Untracked 
|   5|0x0000000082b00000, 0x0000000082b00000, 0x0000000082c00000|  0%| F|  |TAMS 0x0000000082b00000| PB 0x0000000082b00000| Untracked 
|   6|0x0000000082c00000, 0x0000000082c00000, 0x0000000082d00000|  0%| F|  |TAMS 0x0000000082c00000| PB 0x0000000082c00000| Untracked 
|   7|0x0000000082d00000, 0x0000000082d00000, 0x0000000082e00000|  0%| F|  |TAMS 0x0000000082d00000| PB 0x0000000082d00000| Untracked 
|   8|0x0000000082e00000, 0x0000000082e00000, 0x0000000082f00000|  0%| F|  |TAMS 0x0000000082e00000| PB 0x0000000082e00000| Untracked 
|   9|0x0000000082f00000, 0x0000000082f00000, 0x0000000083000000|  0%| F|  |TAMS 0x0000000082f00000| PB 0x0000000082f00000| Untracked 
|  10|0x0000000083000000, 0x0000000083000000, 0x0000000083100000|  0%| F|  |TAMS 0x0000000083000000| PB 0x0000000083000000| Untracked 
|  11|0x0000000083100000, 0x0000000083100000, 0x0000000083200000|  0%| F|  |TAMS 0x0000000083100000| PB 0x0000000083100000| Untracked 
|  12|0x0000000083200000, 0x0000000083200000, 0x0000000083300000|  0%| F|  |TAMS 0x0000000083200000| PB 0x0000000083200000| Untracked 
|  13|0x0000000083300000, 0x0000000083300000, 0x0000000083400000|  0%| F|  |TAMS 0x0000000083300000| PB 0x0000000083300000| Untracked 
|  14|0x0000000083400000, 0x0000000083400000, 0x0000000083500000|  0%| F|  |TAMS 0x0000000083400000| PB 0x0000000083400000| Untracked 
|  15|0x0000000083500000, 0x0000000083500000, 0x0000000083600000|  0%| F|  |TAMS 0x0000000083500000| PB 0x0000000083500000| Untracked 
|  16|0x0000000083600000, 0x0000000083600000, 0x0000000083700000|  0%| F|  |TAMS 0x0000000083600000| PB 0x0000000083600000| Untracked 
|  17|0x0000000083700000, 0x0000000083700000, 0x0000000083800000|  0%| F|  |TAMS 0x0000000083700000| PB 0x0000000083700000| Untracked 
|  18|0x0000000083800000, 0x0000000083800000, 0x0000000083900000|  0%| F|  |TAMS 0x0000000083800000| PB 0x0000000083800000| Untracked 
|  19|0x0000000083900000, 0x0000000083900000, 0x0000000083a00000|  0%| F|  |TAMS 0x0000000083900000| PB 0x0000000083900000| Untracked 
|  20|0x0000000083a00000, 0x0000000083a00000, 0x0000000083b00000|  0%| F|  |TAMS 0x0000000083a00000| PB 0x0000000083a00000| Untracked 
|  21|0x0000000083b00000, 0x0000000083b00000, 0x0000000083c00000|  0%| F|  |TAMS 0x0000000083b00000| PB 0x0000000083b00000| Untracked 
|  22|0x0000000083c00000, 0x0000000083c00000, 0x0000000083d00000|  0%| F|  |TAMS 0x0000000083c00000| PB 0x0000000083c00000| Untracked 
|  23|0x0000000083d00000, 0x0000000083d00000, 0x0000000083e00000|  0%| F|  |TAMS 0x0000000083d00000| PB 0x0000000083d00000| Untracked 
|  24|0x0000000083e00000, 0x0000000083e00000, 0x0000000083f00000|  0%| F|  |TAMS 0x0000000083e00000| PB 0x0000000083e00000| Untracked 
|  25|0x0000000083f00000, 0x0000000083f00000, 0x0000000084000000|  0%| F|  |TAMS 0x0000000083f00000| PB 0x0000000083f00000| Untracked 
|  26|0x0000000084000000, 0x0000000084000000, 0x0000000084100000|  0%| F|  |TAMS 0x0000000084000000| PB 0x0000000084000000| Untracked 
|  27|0x0000000084100000, 0x0000000084100000, 0x0000000084200000|  0%| F|  |TAMS 0x0000000084100000| PB 0x0000000084100000| Untracked 
|  28|0x0000000084200000, 0x0000000084200000, 0x0000000084300000|  0%| F|  |TAMS 0x0000000084200000| PB 0x0000000084200000| Untracked 
|  29|0x0000000084300000, 0x0000000084300000, 0x0000000084400000|  0%| F|  |TAMS 0x0000000084300000| PB 0x0000000084300000| Untracked 
|  30|0x0000000084400000, 0x0000000084400000, 0x0000000084500000|  0%| F|  |TAMS 0x0000000084400000| PB 0x0000000084400000| Untracked 
|  31|0x0000000084500000, 0x0000000084500000, 0x0000000084600000|  0%| F|  |TAMS 0x0000000084500000| PB 0x0000000084500000| Untracked 
|  32|0x0000000084600000, 0x0000000084600000, 0x0000000084700000|  0%| F|  |TAMS 0x0000000084600000| PB 0x0000000084600000| Untracked 
|  33|0x0000000084700000, 0x0000000084700000, 0x0000000084800000|  0%| F|  |TAMS 0x0000000084700000| PB 0x0000000084700000| Untracked 
|  34|0x0000000084800000, 0x0000000084800000, 0x0000000084900000|  0%| F|  |TAMS 0x0000000084800000| PB 0x0000000084800000| Untracked 
|  35|0x0000000084900000, 0x0000000084900000, 0x0000000084a00000|  0%| F|  |TAMS 0x0000000084900000| PB 0x0000000084900000| Untracked 
|  36|0x0000000084a00000, 0x0000000084a00000, 0x0000000084b00000|  0%| F|  |TAMS 0x0000000084a00000| PB 0x0000000084a00000| Untracked 
|  37|0x0000000084b00000, 0x0000000084b00000, 0x0000000084c00000|  0%| F|  |TAMS 0x0000000084b00000| PB 0x0000000084b00000| Untracked 
|  38|0x0000000084c00000, 0x0000000084c00000, 0x0000000084d00000|  0%| F|  |TAMS 0x0000000084c00000| PB 0x0000000084c00000| Untracked 
|  39|0x0000000084d00000, 0x0000000084d00000, 0x0000000084e00000|  0%| F|  |TAMS 0x0000000084d00000| PB 0x0000000084d00000| Untracked 
|  40|0x0000000084e00000, 0x0000000084e00000, 0x0000000084f00000|  0%| F|  |TAMS 0x0000000084e00000| PB 0x0000000084e00000| Untracked 
|  41|0x0000000084f00000, 0x0000000084f00000, 0x0000000085000000|  0%| F|  |TAMS 0x0000000084f00000| PB 0x0000000084f00000| Untracked 
|  42|0x0000000085000000, 0x0000000085000000, 0x0000000085100000|  0%| F|  |TAMS 0x0000000085000000| PB 0x0000000085000000| Untracked 
|  43|0x0000000085100000, 0x0000000085100000, 0x0000000085200000|  0%| F|  |TAMS 0x0000000085100000| PB 0x0000000085100000| Untracked 
|  44|0x0000000085200000, 0x0000000085200000, 0x0000000085300000|  0%| F|  |TAMS 0x0000000085200000| PB 0x0000000085200000| Untracked 
|  45|0x0000000085300000, 0x0000000085300000, 0x0000000085400000|  0%| F|  |TAMS 0x0000000085300000| PB 0x0000000085300000| Untracked 
|  46|0x0000000085400000, 0x0000000085400000, 0x0000000085500000|  0%| F|  |TAMS 0x0000000085400000| PB 0x0000000085400000| Untracked 
|  47|0x0000000085500000, 0x0000000085500000, 0x0000000085600000|  0%| F|  |TAMS 0x0000000085500000| PB 0x0000000085500000| Untracked 
|  48|0x0000000085600000, 0x0000000085600000, 0x0000000085700000|  0%| F|  |TAMS 0x0000000085600000| PB 0x0000000085600000| Untracked 
|  49|0x0000000085700000, 0x0000000085700000, 0x0000000085800000|  0%| F|  |TAMS 0x0000000085700000| PB 0x0000000085700000| Untracked 
|  50|0x0000000085800000, 0x0000000085800000, 0x0000000085900000|  0%| F|  |TAMS 0x0000000085800000| PB 0x0000000085800000| Untracked 
|  51|0x0000000085900000, 0x0000000085900000, 0x0000000085a00000|  0%| F|  |TAMS 0x0000000085900000| PB 0x0000000085900000| Untracked 
|  52|0x0000000085a00000, 0x0000000085a00000, 0x0000000085b00000|  0%| F|  |TAMS 0x0000000085a00000| PB 0x0000000085a00000| Untracked 
|  53|0x0000000085b00000, 0x0000000085b00000, 0x0000000085c00000|  0%| F|  |TAMS 0x0000000085b00000| PB 0x0000000085b00000| Untracked 
|  54|0x0000000085c00000, 0x0000000085c00000, 0x0000000085d00000|  0%| F|  |TAMS 0x0000000085c00000| PB 0x0000000085c00000| Untracked 
|  55|0x0000000085d00000, 0x0000000085d00000, 0x0000000085e00000|  0%| F|  |TAMS 0x0000000085d00000| PB 0x0000000085d00000| Untracked 
|  56|0x0000000085e00000, 0x0000000085e00000, 0x0000000085f00000|  0%| F|  |TAMS 0x0000000085e00000| PB 0x0000000085e00000| Untracked 
|  57|0x0000000085f00000, 0x0000000085f00000, 0x0000000086000000|  0%| F|  |TAMS 0x0000000085f00000| PB 0x0000000085f00000| Untracked 
|  58|0x0000000086000000, 0x0000000086000000, 0x0000000086100000|  0%| F|  |TAMS 0x0000000086000000| PB 0x0000000086000000| Untracked 
|  59|0x0000000086100000, 0x0000000086100000, 0x0000000086200000|  0%| F|  |TAMS 0x0000000086100000| PB 0x0000000086100000| Untracked 
|  60|0x0000000086200000, 0x0000000086200000, 0x0000000086300000|  0%| F|  |TAMS 0x0000000086200000| PB 0x0000000086200000| Untracked 
|  61|0x0000000086300000, 0x0000000086300000, 0x0000000086400000|  0%| F|  |TAMS 0x0000000086300000| PB 0x0000000086300000| Untracked 
|  62|0x0000000086400000, 0x0000000086400000, 0x0000000086500000|  0%| F|  |TAMS 0x0000000086400000| PB 0x0000000086400000| Untracked 
|  63|0x0000000086500000, 0x0000000086500000, 0x0000000086600000|  0%| F|  |TAMS 0x0000000086500000| PB 0x0000000086500000| Untracked 
|  64|0x0000000086600000, 0x0000000086600000, 0x0000000086700000|  0%| F|  |TAMS 0x0000000086600000| PB 0x0000000086600000| Untracked 
|  65|0x0000000086700000, 0x0000000086700000, 0x0000000086800000|  0%| F|  |TAMS 0x0000000086700000| PB 0x0000000086700000| Untracked 
|  66|0x0000000086800000, 0x0000000086800000, 0x0000000086900000|  0%| F|  |TAMS 0x0000000086800000| PB 0x0000000086800000| Untracked 
|  67|0x0000000086900000, 0x0000000086900000, 0x0000000086a00000|  0%| F|  |TAMS 0x0000000086900000| PB 0x0000000086900000| Untracked 
|  68|0x0000000086a00000, 0x0000000086a00000, 0x0000000086b00000|  0%| F|  |TAMS 0x0000000086a00000| PB 0x0000000086a00000| Untracked 
|  69|0x0000000086b00000, 0x0000000086b00000, 0x0000000086c00000|  0%| F|  |TAMS 0x0000000086b00000| PB 0x0000000086b00000| Untracked 
|  70|0x0000000086c00000, 0x0000000086c00000, 0x0000000086d00000|  0%| F|  |TAMS 0x0000000086c00000| PB 0x0000000086c00000| Untracked 
|  71|0x0000000086d00000, 0x0000000086d00000, 0x0000000086e00000|  0%| F|  |TAMS 0x0000000086d00000| PB 0x0000000086d00000| Untracked 
|  72|0x0000000086e00000, 0x0000000086e00000, 0x0000000086f00000|  0%| F|  |TAMS 0x0000000086e00000| PB 0x0000000086e00000| Untracked 
|  73|0x0000000086f00000, 0x0000000086f00000, 0x0000000087000000|  0%| F|  |TAMS 0x0000000086f00000| PB 0x0000000086f00000| Untracked 
|  74|0x0000000087000000, 0x0000000087000000, 0x0000000087100000|  0%| F|  |TAMS 0x0000000087000000| PB 0x0000000087000000| Untracked 
|  75|0x0000000087100000, 0x0000000087100000, 0x0000000087200000|  0%| F|  |TAMS 0x0000000087100000| PB 0x0000000087100000| Untracked 
|  76|0x0000000087200000, 0x0000000087200000, 0x0000000087300000|  0%| F|  |TAMS 0x0000000087200000| PB 0x0000000087200000| Untracked 
|  77|0x0000000087300000, 0x0000000087300000, 0x0000000087400000|  0%| F|  |TAMS 0x0000000087300000| PB 0x0000000087300000| Untracked 
|  78|0x0000000087400000, 0x0000000087400000, 0x0000000087500000|  0%| F|  |TAMS 0x0000000087400000| PB 0x0000000087400000| Untracked 
|  79|0x0000000087500000, 0x0000000087500000, 0x0000000087600000|  0%| F|  |TAMS 0x0000000087500000| PB 0x0000000087500000| Untracked 
|  80|0x0000000087600000, 0x0000000087600000, 0x0000000087700000|  0%| F|  |TAMS 0x0000000087600000| PB 0x0000000087600000| Untracked 
|  81|0x0000000087700000, 0x0000000087700000, 0x0000000087800000|  0%| F|  |TAMS 0x0000000087700000| PB 0x0000000087700000| Untracked 
|  82|0x0000000087800000, 0x0000000087800000, 0x0000000087900000|  0%| F|  |TAMS 0x0000000087800000| PB 0x0000000087800000| Untracked 
|  83|0x0000000087900000, 0x0000000087900000, 0x0000000087a00000|  0%| F|  |TAMS 0x0000000087900000| PB 0x0000000087900000| Untracked 
|  84|0x0000000087a00000, 0x0000000087a00000, 0x0000000087b00000|  0%| F|  |TAMS 0x0000000087a00000| PB 0x0000000087a00000| Untracked 
|  85|0x0000000087b00000, 0x0000000087b00000, 0x0000000087c00000|  0%| F|  |TAMS 0x0000000087b00000| PB 0x0000000087b00000| Untracked 
|  86|0x0000000087c00000, 0x0000000087c00000, 0x0000000087d00000|  0%| F|  |TAMS 0x0000000087c00000| PB 0x0000000087c00000| Untracked 
|  87|0x0000000087d00000, 0x0000000087d00000, 0x0000000087e00000|  0%| F|  |TAMS 0x0000000087d00000| PB 0x0000000087d00000| Untracked 
|  88|0x0000000087e00000, 0x0000000087e00000, 0x0000000087f00000|  0%| F|  |TAMS 0x0000000087e00000| PB 0x0000000087e00000| Untracked 
|  89|0x0000000087f00000, 0x0000000087f00000, 0x0000000088000000|  0%| F|  |TAMS 0x0000000087f00000| PB 0x0000000087f00000| Untracked 
|  90|0x0000000088000000, 0x0000000088000000, 0x0000000088100000|  0%| F|  |TAMS 0x0000000088000000| PB 0x0000000088000000| Untracked 
|  91|0x0000000088100000, 0x0000000088100000, 0x0000000088200000|  0%| F|  |TAMS 0x0000000088100000| PB 0x0000000088100000| Untracked 
|  92|0x0000000088200000, 0x0000000088200000, 0x0000000088300000|  0%| F|  |TAMS 0x0000000088200000| PB 0x0000000088200000| Untracked 
|  93|0x0000000088300000, 0x0000000088300000, 0x0000000088400000|  0%| F|  |TAMS 0x0000000088300000| PB 0x0000000088300000| Untracked 
|  94|0x0000000088400000, 0x0000000088400000, 0x0000000088500000|  0%| F|  |TAMS 0x0000000088400000| PB 0x0000000088400000| Untracked 
|  95|0x0000000088500000, 0x0000000088500000, 0x0000000088600000|  0%| F|  |TAMS 0x0000000088500000| PB 0x0000000088500000| Untracked 
|  96|0x0000000088600000, 0x0000000088600000, 0x0000000088700000|  0%| F|  |TAMS 0x0000000088600000| PB 0x0000000088600000| Untracked 
|  97|0x0000000088700000, 0x0000000088700000, 0x0000000088800000|  0%| F|  |TAMS 0x0000000088700000| PB 0x0000000088700000| Untracked 
|  98|0x0000000088800000, 0x0000000088800000, 0x0000000088900000|  0%| F|  |TAMS 0x0000000088800000| PB 0x0000000088800000| Untracked 
|  99|0x0000000088900000, 0x0000000088900000, 0x0000000088a00000|  0%| F|  |TAMS 0x0000000088900000| PB 0x0000000088900000| Untracked 
| 100|0x0000000088a00000, 0x0000000088a00000, 0x0000000088b00000|  0%| F|  |TAMS 0x0000000088a00000| PB 0x0000000088a00000| Untracked 
| 101|0x0000000088b00000, 0x0000000088b00000, 0x0000000088c00000|  0%| F|  |TAMS 0x0000000088b00000| PB 0x0000000088b00000| Untracked 
| 102|0x0000000088c00000, 0x0000000088c00000, 0x0000000088d00000|  0%| F|  |TAMS 0x0000000088c00000| PB 0x0000000088c00000| Untracked 
| 103|0x0000000088d00000, 0x0000000088d00000, 0x0000000088e00000|  0%| F|  |TAMS 0x0000000088d00000| PB 0x0000000088d00000| Untracked 
| 104|0x0000000088e00000, 0x0000000088e00000, 0x0000000088f00000|  0%| F|  |TAMS 0x0000000088e00000| PB 0x0000000088e00000| Untracked 
| 105|0x0000000088f00000, 0x0000000088f00000, 0x0000000089000000|  0%| F|  |TAMS 0x0000000088f00000| PB 0x0000000088f00000| Untracked 
| 106|0x0000000089000000, 0x0000000089000000, 0x0000000089100000|  0%| F|  |TAMS 0x0000000089000000| PB 0x0000000089000000| Untracked 
| 107|0x0000000089100000, 0x0000000089100000, 0x0000000089200000|  0%| F|  |TAMS 0x0000000089100000| PB 0x0000000089100000| Untracked 
| 108|0x0000000089200000, 0x0000000089200000, 0x0000000089300000|  0%| F|  |TAMS 0x0000000089200000| PB 0x0000000089200000| Untracked 
| 109|0x0000000089300000, 0x0000000089300000, 0x0000000089400000|  0%| F|  |TAMS 0x0000000089300000| PB 0x0000000089300000| Untracked 
| 110|0x0000000089400000, 0x0000000089400000, 0x0000000089500000|  0%| F|  |TAMS 0x0000000089400000| PB 0x0000000089400000| Untracked 
| 111|0x0000000089500000, 0x0000000089600000, 0x0000000089600000|100%| S|CS|TAMS 0x0000000089500000| PB 0x0000000089500000| Complete 
| 112|0x0000000089600000, 0x0000000089700000, 0x0000000089700000|100%| S|CS|TAMS 0x0000000089600000| PB 0x0000000089600000| Complete 
| 113|0x0000000089700000, 0x0000000089700000, 0x0000000089800000|  0%| F|  |TAMS 0x0000000089700000| PB 0x0000000089700000| Untracked 
| 114|0x0000000089800000, 0x0000000089800000, 0x0000000089900000|  0%| F|  |TAMS 0x0000000089800000| PB 0x0000000089800000| Untracked 
| 115|0x0000000089900000, 0x0000000089900000, 0x0000000089a00000|  0%| F|  |TAMS 0x0000000089900000| PB 0x0000000089900000| Untracked 
| 116|0x0000000089a00000, 0x0000000089a00000, 0x0000000089b00000|  0%| F|  |TAMS 0x0000000089a00000| PB 0x0000000089a00000| Untracked 
| 117|0x0000000089b00000, 0x0000000089b00000, 0x0000000089c00000|  0%| F|  |TAMS 0x0000000089b00000| PB 0x0000000089b00000| Untracked 
| 118|0x0000000089c00000, 0x0000000089c00000, 0x0000000089d00000|  0%| F|  |TAMS 0x0000000089c00000| PB 0x0000000089c00000| Untracked 
| 119|0x0000000089d00000, 0x0000000089d00000, 0x0000000089e00000|  0%| F|  |TAMS 0x0000000089d00000| PB 0x0000000089d00000| Untracked 
| 120|0x0000000089e00000, 0x0000000089e00000, 0x0000000089f00000|  0%| F|  |TAMS 0x0000000089e00000| PB 0x0000000089e00000| Untracked 
| 121|0x0000000089f00000, 0x0000000089f00000, 0x000000008a000000|  0%| F|  |TAMS 0x0000000089f00000| PB 0x0000000089f00000| Untracked 
| 122|0x000000008a000000, 0x000000008a000000, 0x000000008a100000|  0%| F|  |TAMS 0x000000008a000000| PB 0x000000008a000000| Untracked 
| 123|0x000000008a100000, 0x000000008a100000, 0x000000008a200000|  0%| F|  |TAMS 0x000000008a100000| PB 0x000000008a100000| Untracked 
| 124|0x000000008a200000, 0x000000008a200000, 0x000000008a300000|  0%| F|  |TAMS 0x000000008a200000| PB 0x000000008a200000| Untracked 
| 125|0x000000008a300000, 0x000000008a400000, 0x000000008a400000|100%| E|  |TAMS 0x000000008a300000| PB 0x000000008a300000| Complete 

Card table byte_map: [0x00000203ff7d0000,0x00000203ffbc0000] _byte_map_base: 0x00000203ff3bd000

Marking Bits: (CMBitMap*) 0x00000203ff36f940
 Bits: [0x0000020392e50000, 0x0000020394db8000)

Polling page: 0x00000203fd1a0000

Metaspace:

Usage:
  Non-class:     15.39 MB used.
      Class:      1.69 MB used.
       Both:     17.08 MB used.

Virtual space:
  Non-class space:       64.00 MB reserved,      15.56 MB ( 24%) committed,  1 nodes.
      Class space:        1.00 GB reserved,       1.81 MB ( <1%) committed,  1 nodes.
             Both:        1.06 GB reserved,      17.38 MB (  2%) committed. 

Chunk freelists:
   Non-Class:  358.00 KB
       Class:  14.17 MB
        Both:  14.52 MB

MaxMetaspaceSize: unlimited
CompressedClassSpaceSize: 1.00 GB
Initial GC threshold: 21.00 MB
Current GC threshold: 21.00 MB
CDS: off
 - commit_granule_bytes: 65536.
 - commit_granule_words: 8192.
 - virtual_space_node_default_size: 8388608.
 - enlarge_chunks_in_place: 1.
 - use_allocation_guard: 0.


Internal statistics:

num_allocs_failed_limit: 0.
num_arena_births: 224.
num_arena_deaths: 0.
num_vsnodes_births: 2.
num_vsnodes_deaths: 0.
num_space_committed: 278.
num_space_uncommitted: 0.
num_chunks_returned_to_freelist: 0.
num_chunks_taken_from_freelist: 414.
num_chunk_merges: 0.
num_chunk_splits: 221.
num_chunks_enlarged: 93.
num_inconsistent_stats: 0.

CodeHeap 'non-profiled nmethods': size=120000Kb used=361Kb max_used=361Kb free=119638Kb
 bounds [0x000002038b920000, 0x000002038bb90000, 0x0000020392e50000]
CodeHeap 'profiled nmethods': size=120000Kb used=1676Kb max_used=1676Kb free=118323Kb
 bounds [0x0000020383e50000, 0x00000203840c0000, 0x000002038b380000]
CodeHeap 'non-nmethods': size=5760Kb used=1424Kb max_used=1440Kb free=4335Kb
 bounds [0x000002038b380000, 0x000002038b5f0000, 0x000002038b920000]
 total_blobs=1583 nmethods=1070 adapters=418
 compilation: enabled
              stopped_count=0, restarted_count=0
 full_count=0

Compilation events (20 events):
Event: 1.995 Thread 0x000002039725cff0 1033       4       sun.security.util.math.intpoly.IntegerPolynomial$MutableElement::setAdditiveInverse (32 bytes)
Event: 2.000 Thread 0x000002039725cff0 nmethod 1033 0x000002038b977490 code [0x000002038b977620, 0x000002038b9777f8]
Event: 2.001 Thread 0x00000203972603f0 1038       3       sun.security.ec.ECOperations$PointMultiplier$Secp256R1GeneratorMultiplier::bit (13 bytes)
Event: 2.001 Thread 0x00000203972603f0 nmethod 1038 0x0000020383fe6190 code [0x0000020383fe6320, 0x0000020383fe6448]
Event: 2.002 Thread 0x00000203972603f0 1039       3       java.util.LinkedList$ListItr::hasNext (20 bytes)
Event: 2.002 Thread 0x00000203972603f0 nmethod 1039 0x0000020383fe6510 code [0x0000020383fe66c0, 0x0000020383fe6830]
Event: 2.003 Thread 0x00000203972603f0 1040       3       java.lang.Enum::hashCode (21 bytes)
Event: 2.003 Thread 0x00000203972603f0 nmethod 1040 0x0000020383fe6910 code [0x0000020383fe6ac0, 0x0000020383fe6c48]
Event: 2.005 Thread 0x00000203972603f0 1041       3       java.nio.HeapByteBuffer::get (14 bytes)
Event: 2.005 Thread 0x00000203972603f0 nmethod 1041 0x0000020383fe6d10 code [0x0000020383fe6ee0, 0x0000020383fe71c0]
Event: 2.005 Thread 0x00000203972603f0 1042       3       java.nio.Buffer::nextGetIndex (30 bytes)
Event: 2.005 Thread 0x00000203972603f0 nmethod 1042 0x0000020383fe7390 code [0x0000020383fe7540, 0x0000020383fe7710]
Event: 2.005 Thread 0x00000203972603f0 1043       3       java.lang.ref.ReferenceQueue::poll0 (65 bytes)
Event: 2.005 Thread 0x000002039725cff0 1044       4       java.util.concurrent.ConcurrentHashMap::spread (10 bytes)
Event: 2.006 Thread 0x000002039725cff0 nmethod 1044 0x000002038b977910 code [0x000002038b977a80, 0x000002038b977af8]
Event: 2.006 Thread 0x00000203972603f0 nmethod 1043 0x0000020383fe7810 code [0x0000020383fe79e0, 0x0000020383fe7ee8]
Event: 2.006 Thread 0x00000203972603f0 1045   !   3       java.util.concurrent.ConcurrentHashMap::replaceNode (437 bytes)
Event: 2.008 Thread 0x00000203972603f0 nmethod 1045 0x0000020383fe8010 code [0x0000020383fe8380, 0x0000020383fe9ba8]
Event: 2.008 Thread 0x00000203972603f0 1046       3       java.util.concurrent.ConcurrentHashMap::remove (8 bytes)
Event: 2.008 Thread 0x00000203972603f0 nmethod 1046 0x0000020383fea910 code [0x0000020383feaac0, 0x0000020383feac10]

GC Heap History (2 events):
Event: 1.976 GC heap before
{Heap before GC invocations=0 (full 0):
 garbage-first heap   total 129024K, used 12288K [0x0000000082600000, 0x0000000100000000)
  region size 1024K, 13 young (13312K), 0 survivors (0K)
 Metaspace       used 16771K, committed 17024K, reserved 1114112K
  class space    used 1652K, committed 1792K, reserved 1048576K
}
Event: 1.986 GC heap after
{Heap after GC invocations=1 (full 0):
 garbage-first heap   total 129024K, used 2357K [0x0000000082600000, 0x0000000100000000)
  region size 1024K, 2 young (2048K), 2 survivors (2048K)
 Metaspace       used 16771K, committed 17024K, reserved 1114112K
  class space    used 1652K, committed 1792K, reserved 1048576K
}

Dll operation events (2 events):
Event: 0.025 Loaded shared library C:\Program Files\JetBrains\IntelliJ IDEA 2024.2.0.1\jbr\bin\java.dll
Event: 0.062 Loaded shared library C:\Program Files\JetBrains\IntelliJ IDEA 2024.2.0.1\jbr\bin\zip.dll

Deoptimization events (8 events):
Event: 1.099 Thread 0x00000203fd1f12f0 Uncommon trap: trap_request=0xffffff45 fr.pc=0x000002038b93239c relative=0x000000000000007c
Event: 1.099 Thread 0x00000203fd1f12f0 Uncommon trap: reason=unstable_if action=reinterpret pc=0x000002038b93239c method=java.lang.CharacterDataLatin1.toLowerCase(I)I @ 16 c2
Event: 1.099 Thread 0x00000203fd1f12f0 DEOPT PACKING pc=0x000002038b93239c sp=0x0000005ccf6fb2d0
Event: 1.099 Thread 0x00000203fd1f12f0 DEOPT UNPACKING pc=0x000002038b3d46a2 sp=0x0000005ccf6fb260 mode 2
Event: 1.357 Thread 0x00000203fd1f12f0 DEOPT PACKING pc=0x0000020383e6ab78 sp=0x0000005ccf6fc940
Event: 1.357 Thread 0x00000203fd1f12f0 DEOPT UNPACKING pc=0x000002038b3d4e42 sp=0x0000005ccf6fbd60 mode 0
Event: 1.393 Thread 0x00000203fd1f12f0 DEOPT PACKING pc=0x0000020383e69758 sp=0x0000005ccf6fe090
Event: 1.393 Thread 0x00000203fd1f12f0 DEOPT UNPACKING pc=0x000002038b3d4e42 sp=0x0000005ccf6fd4f8 mode 0

Classes loaded (20 events):
Event: 2.004 Loading class sun/security/ssl/OutputRecord$T13PaddingHolder
Event: 2.004 Loading class sun/security/ssl/OutputRecord$T13PaddingHolder done
Event: 2.004 Loading class sun/security/ssl/Ciphertext
Event: 2.004 Loading class sun/security/ssl/Ciphertext done
Event: 2.004 Loading class sun/security/ssl/PostHandshakeContext
Event: 2.004 Loading class sun/security/ssl/PostHandshakeContext done
Event: 2.004 Loading class javax/net/ssl/SSLEngineResult$Status
Event: 2.004 Loading class javax/net/ssl/SSLEngineResult$Status done
Event: 2.004 Loading class javax/net/ssl/SSLEngineResult
Event: 2.004 Loading class javax/net/ssl/SSLEngineResult done
Event: 2.005 Loading class java/lang/NoSuchFieldError
Event: 2.005 Loading class java/lang/NoSuchFieldError done
Event: 2.007 Loading class sun/nio/ch/IOVecWrapper
Event: 2.007 Loading class sun/nio/ch/IOVecWrapper done
Event: 2.007 Loading class sun/nio/ch/AllocatedNativeObject
Event: 2.008 Loading class sun/nio/ch/NativeObject
Event: 2.008 Loading class sun/nio/ch/NativeObject done
Event: 2.008 Loading class sun/nio/ch/AllocatedNativeObject done
Event: 2.008 Loading class sun/nio/ch/IOVecWrapper$Deallocator
Event: 2.008 Loading class sun/nio/ch/IOVecWrapper$Deallocator done

Classes unloaded (0 events):
No events

Classes redefined (0 events):
No events

Internal exceptions (20 events):
Event: 1.347 Thread 0x00000203fd1f12f0 Exception <a 'java/lang/NoSuchMethodError'{0x0000000089e67a20}: 'int java.lang.invoke.DirectMethodHandle$Holder.invokeVirtual(java.lang.Object, java.lang.Object)'> (0x0000000089e67a20) 
thrown [s\src\hotspot\share\interpreter\linkResolver.cpp, line 784]
Event: 1.347 Thread 0x00000203fd1f12f0 Exception <a 'java/lang/NoSuchMethodError'{0x0000000089e6bc88}: 'int java.lang.invoke.DirectMethodHandle$Holder.invokeStaticInit(java.lang.Object, int, int)'> (0x0000000089e6bc88) 
thrown [s\src\hotspot\share\interpreter\linkResolver.cpp, line 784]
Event: 1.348 Thread 0x00000203fd1f12f0 Exception <a 'java/lang/NoSuchMethodError'{0x0000000089e73048}: 'int java.lang.invoke.DirectMethodHandle$Holder.invokeStaticInit(java.lang.Object, long, long)'> (0x0000000089e73048) 
thrown [s\src\hotspot\share\interpreter\linkResolver.cpp, line 784]
Event: 1.349 Thread 0x00000203fd1f12f0 Exception <a 'java/lang/NoSuchMethodError'{0x0000000089e79960}: 'int java.lang.invoke.DirectMethodHandle$Holder.invokeStaticInit(java.lang.Object, float, float)'> (0x0000000089e79960) 
thrown [s\src\hotspot\share\interpreter\linkResolver.cpp, line 784]
Event: 1.351 Thread 0x00000203fd1f12f0 Exception <a 'java/lang/NoSuchMethodError'{0x0000000089e80270}: 'int java.lang.invoke.DirectMethodHandle$Holder.invokeStaticInit(java.lang.Object, double, double)'> (0x0000000089e80270) 
thrown [s\src\hotspot\share\interpreter\linkResolver.cpp, line 784]
Event: 1.352 Thread 0x00000203fd1f12f0 Exception <a 'java/lang/NoSuchMethodError'{0x0000000089e84820}: 'int java.lang.invoke.DirectMethodHandle$Holder.invokeStatic(java.lang.Object, long)'> (0x0000000089e84820) 
thrown [s\src\hotspot\share\interpreter\linkResolver.cpp, line 784]
Event: 1.362 Thread 0x00000203fd1f12f0 Exception <a 'java/lang/NoSuchMethodError'{0x0000000089eb0a38}: 'java.lang.Object java.lang.invoke.DelegatingMethodHandle$Holder.delegate(java.lang.Object, int, java.lang.Object, java.lang.Object)'> (0x0000000089eb0a38) 
thrown [s\src\hotspot\share\interpreter\linkResolver.cpp, line 784]
Event: 1.365 Thread 0x00000203fd1f12f0 Exception <a 'java/lang/NoSuchMethodError'{0x0000000089ebfb48}: 'int java.lang.invoke.Invokers$Holder.linkToTargetMethod(java.lang.Object, java.lang.Object, java.lang.Object)'> (0x0000000089ebfb48) 
thrown [s\src\hotspot\share\interpreter\linkResolver.cpp, line 784]
Event: 1.372 Thread 0x00000203fd1f12f0 Exception <a 'java/lang/NoSuchMethodError'{0x0000000089ef1650}: 'long java.lang.invoke.DirectMethodHandle$Holder.invokeSpecial(java.lang.Object, java.lang.Object)'> (0x0000000089ef1650) 
thrown [s\src\hotspot\share\interpreter\linkResolver.cpp, line 784]
Event: 1.374 Thread 0x00000203fd1f12f0 Exception <a 'java/lang/NoSuchMethodError'{0x0000000089ef7d50}: 'int java.lang.invoke.DirectMethodHandle$Holder.invokeStatic(java.lang.Object, java.lang.Object, java.lang.Object, java.lang.Object)'> (0x0000000089ef7d50) 
thrown [s\src\hotspot\share\interpreter\linkResolver.cpp, line 784]
Event: 1.375 Thread 0x00000203fd1f12f0 Exception <a 'java/lang/NoSuchMethodError'{0x0000000089efb120}: 'java.lang.Object java.lang.invoke.Invokers$Holder.invokeExact_MT(java.lang.Object, java.lang.Object, java.lang.Object, java.lang.Object, java.lang.Object, java.lang.Object)'> (0x0000000089efb120) 
thrown [s\src\hotspot\share\interpreter\linkResolver.cpp, line 784]
Event: 1.598 Thread 0x00000203fd1f12f0 Exception <a 'java/lang/NoSuchMethodError'{0x0000000089b64468}: 'java.lang.Object java.lang.invoke.DirectMethodHandle$Holder.newInvokeSpecial(java.lang.Object, java.lang.Object, java.lang.Object, java.lang.Object, java.lang.Object)'> (0x0000000089b64468) 
thrown [s\src\hotspot\share\interpreter\linkResolver.cpp, line 784]
Event: 1.675 Thread 0x00000203fd1f12f0 Exception <a 'java/lang/NoSuchMethodError'{0x0000000089ae2140}: 'java.lang.Object java.lang.invoke.DirectMethodHandle$Holder.invokeSpecial(java.lang.Object, java.lang.Object, java.lang.Object, java.lang.Object, int)'> (0x0000000089ae2140) 
thrown [s\src\hotspot\share\interpreter\linkResolver.cpp, line 784]
Event: 1.676 Thread 0x00000203fd1f12f0 Exception <a 'java/lang/NoSuchMethodError'{0x0000000089ae5a88}: 'java.lang.Object java.lang.invoke.Invokers$Holder.linkToTargetMethod(java.lang.Object, java.lang.Object, int, java.lang.Object)'> (0x0000000089ae5a88) 
thrown [s\src\hotspot\share\interpreter\linkResolver.cpp, line 784]
Event: 1.692 Thread 0x00000203fd1f12f0 Exception <a 'java/lang/NoSuchMethodError'{0x0000000089913d18}: 'void java.lang.invoke.DirectMethodHandle$Holder.invokeSpecial(java.lang.Object, java.lang.Object, java.lang.Object)'> (0x0000000089913d18) 
thrown [s\src\hotspot\share\interpreter\linkResolver.cpp, line 784]
Event: 1.723 Thread 0x0000020397948fc0 Exception <a 'java/lang/NoSuchMethodError'{0x0000000089b21000}: 'void java.lang.invoke.DirectMethodHandle$Holder.invokeStatic(java.lang.Object, java.lang.Object, int)'> (0x0000000089b21000) 
thrown [s\src\hotspot\share\interpreter\linkResolver.cpp, line 784]
Event: 1.727 Thread 0x00000203fd1f12f0 Exception <a 'java/lang/NoSuchMethodError'{0x0000000089994928}: 'void java.lang.invoke.DirectMethodHandle$Holder.invokeSpecial(java.lang.Object, java.lang.Object, java.lang.Object, java.lang.Object, java.lang.Object)'> (0x0000000089994928) 
thrown [s\src\hotspot\share\interpreter\linkResolver.cpp, line 784]
Event: 1.745 Thread 0x0000020397948fc0 Exception <a 'java/lang/NoSuchMethodError'{0x00000000899eaad8}: 'void java.lang.invoke.DirectMethodHandle$Holder.invokeStatic(java.lang.Object, java.lang.Object)'> (0x00000000899eaad8) 
thrown [s\src\hotspot\share\interpreter\linkResolver.cpp, line 784]
Event: 1.750 Thread 0x00000203979a15e0 Exception <a 'java/lang/NoSuchMethodError'{0x0000000089824518}: 'void java.lang.invoke.DirectMethodHandle$Holder.invokeInterface(java.lang.Object, java.lang.Object, java.lang.Object)'> (0x0000000089824518) 
thrown [s\src\hotspot\share\interpreter\linkResolver.cpp, line 784]
Event: 1.764 Thread 0x00000203979a15e0 Exception <a 'java/lang/NoSuchMethodError'{0x0000000089876c98}: 'void java.lang.invoke.DirectMethodHandle$Holder.invokeVirtual(java.lang.Object, java.lang.Object)'> (0x0000000089876c98) 
thrown [s\src\hotspot\share\interpreter\linkResolver.cpp, line 784]

ZGC Phase Switch (0 events):
No events

VM Operations (12 events):
Event: 0.724 Executing VM operation: HandshakeAllThreads (Deoptimize)
Event: 0.724 Executing VM operation: HandshakeAllThreads (Deoptimize) done
Event: 0.777 Executing VM operation: HandshakeAllThreads (Deoptimize)
Event: 0.777 Executing VM operation: HandshakeAllThreads (Deoptimize) done
Event: 1.198 Executing VM operation: HandshakeAllThreads (Deoptimize)
Event: 1.198 Executing VM operation: HandshakeAllThreads (Deoptimize) done
Event: 1.733 Executing VM operation: HandshakeAllThreads (Deoptimize)
Event: 1.733 Executing VM operation: HandshakeAllThreads (Deoptimize) done
Event: 1.733 Executing VM operation: Cleanup
Event: 1.734 Executing VM operation: Cleanup done
Event: 1.976 Executing VM operation: G1CollectForAllocation (G1 Evacuation Pause)
Event: 1.986 Executing VM operation: G1CollectForAllocation (G1 Evacuation Pause) done

Events (20 events):
Event: 0.397 Thread 0x0000020397243d70 Thread added: 0x0000020397243d70
Event: 0.398 Thread 0x0000020397247520 Thread added: 0x0000020397247520
Event: 0.406 Thread 0x000002039724e520 Thread added: 0x000002039724e520
Event: 0.406 Thread 0x000002039724be10 Thread added: 0x000002039724be10
Event: 0.407 Thread 0x000002039724d1c0 Thread added: 0x000002039724d1c0
Event: 0.407 Thread 0x000002039725b040 Thread added: 0x000002039725b040
Event: 0.408 Thread 0x000002039725cff0 Thread added: 0x000002039725cff0
Event: 0.409 Thread 0x00000203972603f0 Thread added: 0x00000203972603f0
Event: 0.580 Thread 0x00000203974068d0 Thread added: 0x00000203974068d0
Event: 0.608 Thread 0x000002039741d850 Thread added: 0x000002039741d850
Event: 0.650 Loaded shared library C:\Program Files\JetBrains\IntelliJ IDEA 2024.2.0.1\jbr\bin\net.dll
Event: 0.661 Loaded shared library C:\Program Files\JetBrains\IntelliJ IDEA 2024.2.0.1\jbr\bin\nio.dll
Event: 0.700 Loaded shared library C:\Program Files\JetBrains\IntelliJ IDEA 2024.2.0.1\jbr\bin\zip.dll
Event: 1.006 Loaded shared library C:\Program Files\JetBrains\IntelliJ IDEA 2024.2.0.1\jbr\bin\jimage.dll
Event: 1.469 Loaded shared library C:\Program Files\JetBrains\IntelliJ IDEA 2024.2.0.1\jbr\bin\sunmscapi.dll
Event: 1.568 Loaded shared library C:\Program Files\JetBrains\IntelliJ IDEA 2024.2.0.1\jbr\bin\extnet.dll
Event: 1.583 Thread 0x0000020397948fc0 Thread added: 0x0000020397948fc0
Event: 1.743 Thread 0x00000203979a15e0 Thread added: 0x00000203979a15e0
Event: 1.777 Thread 0x0000020397a12310 Thread added: 0x0000020397a12310
Event: 1.862 Thread 0x0000020397a0ade0 Thread added: 0x0000020397a0ade0


Dynamic libraries:
0x00007ff742b80000 - 0x00007ff742b8a000 	C:\Program Files\JetBrains\IntelliJ IDEA 2024.2.0.1\jbr\bin\java.exe
0x00007ffa376b0000 - 0x00007ffa378c7000 	C:\Windows\SYSTEM32\ntdll.dll
0x00007ffa35e40000 - 0x00007ffa35f04000 	C:\Windows\System32\KERNEL32.DLL
0x00007ffa34c10000 - 0x00007ffa34fca000 	C:\Windows\System32\KERNELBASE.dll
0x00007ffa35230000 - 0x00007ffa35341000 	C:\Windows\System32\ucrtbase.dll
0x00007ffa2afa0000 - 0x00007ffa2afb8000 	C:\Program Files\JetBrains\IntelliJ IDEA 2024.2.0.1\jbr\bin\jli.dll
0x00007ffa35f50000 - 0x00007ffa360fe000 	C:\Windows\System32\USER32.dll
0x00007ffa2d650000 - 0x00007ffa2d66b000 	C:\Program Files\JetBrains\IntelliJ IDEA 2024.2.0.1\jbr\bin\VCRUNTIME140.dll
0x00007ffa35350000 - 0x00007ffa35376000 	C:\Windows\System32\win32u.dll
0x00007ffa37560000 - 0x00007ffa37589000 	C:\Windows\System32\GDI32.dll
0x00007ffa35090000 - 0x00007ffa351ab000 	C:\Windows\System32\gdi32full.dll
0x00007ffa34b70000 - 0x00007ffa34c0a000 	C:\Windows\System32\msvcp_win.dll
0x00007ffa21690000 - 0x00007ffa21922000 	C:\Windows\WinSxS\amd64_microsoft.windows.common-controls_6595b64144ccf1df_6.0.22621.4541_none_2710d1c57384c085\COMCTL32.dll
0x00007ffa37590000 - 0x00007ffa37637000 	C:\Windows\System32\msvcrt.dll
0x00007ffa35f10000 - 0x00007ffa35f41000 	C:\Windows\System32\IMM32.DLL
0x00007ffa2e550000 - 0x00007ffa2e55c000 	C:\Program Files\JetBrains\IntelliJ IDEA 2024.2.0.1\jbr\bin\vcruntime140_1.dll
0x00007ff9d7150000 - 0x00007ff9d71dd000 	C:\Program Files\JetBrains\IntelliJ IDEA 2024.2.0.1\jbr\bin\msvcp140.dll
0x00007ff9ca7f0000 - 0x00007ff9cb5a2000 	C:\Program Files\JetBrains\IntelliJ IDEA 2024.2.0.1\jbr\bin\server\jvm.dll
0x00007ffa354c0000 - 0x00007ffa35572000 	C:\Windows\System32\ADVAPI32.dll
0x00007ffa36200000 - 0x00007ffa362a7000 	C:\Windows\System32\sechost.dll
0x00007ffa34b40000 - 0x00007ffa34b68000 	C:\Windows\System32\bcrypt.dll
0x00007ffa36b20000 - 0x00007ffa36c34000 	C:\Windows\System32\RPCRT4.dll
0x00007ffa35dc0000 - 0x00007ffa35e31000 	C:\Windows\System32\WS2_32.dll
0x00007ffa337e0000 - 0x00007ffa3382d000 	C:\Windows\SYSTEM32\POWRPROF.dll
0x00007ffa21930000 - 0x00007ffa21964000 	C:\Windows\SYSTEM32\WINMM.dll
0x00007ffa306d0000 - 0x00007ffa306da000 	C:\Windows\SYSTEM32\VERSION.dll
0x00007ffa337c0000 - 0x00007ffa337d3000 	C:\Windows\SYSTEM32\UMPDC.dll
0x00007ffa33a80000 - 0x00007ffa33a98000 	C:\Windows\SYSTEM32\kernel.appcore.dll
0x00007ffa2dd90000 - 0x00007ffa2dd9a000 	C:\Program Files\JetBrains\IntelliJ IDEA 2024.2.0.1\jbr\bin\jimage.dll
0x00007ffa1b260000 - 0x00007ffa1b492000 	C:\Windows\SYSTEM32\DBGHELP.DLL
0x00007ffa35590000 - 0x00007ffa3591f000 	C:\Windows\System32\combase.dll
0x00007ffa353e0000 - 0x00007ffa354b7000 	C:\Windows\System32\OLEAUT32.dll
0x00007ffa19c10000 - 0x00007ffa19c42000 	C:\Windows\SYSTEM32\dbgcore.DLL
0x00007ffa34950000 - 0x00007ffa349cb000 	C:\Windows\System32\bcryptPrimitives.dll
0x00007ffa2bf10000 - 0x00007ffa2bf2f000 	C:\Program Files\JetBrains\IntelliJ IDEA 2024.2.0.1\jbr\bin\java.dll
0x00007ffa2aee0000 - 0x00007ffa2aef8000 	C:\Program Files\JetBrains\IntelliJ IDEA 2024.2.0.1\jbr\bin\zip.dll
0x00007ffa36ce0000 - 0x00007ffa37558000 	C:\Windows\System32\SHELL32.dll
0x00007ffa328a0000 - 0x00007ffa331a8000 	C:\Windows\SYSTEM32\windows.storage.dll
0x00007ffa32760000 - 0x00007ffa3289f000 	C:\Windows\SYSTEM32\wintypes.dll
0x00007ffa362b0000 - 0x00007ffa363aa000 	C:\Windows\System32\SHCORE.dll
0x00007ffa36950000 - 0x00007ffa369ae000 	C:\Windows\System32\shlwapi.dll
0x00007ffa34880000 - 0x00007ffa348ab000 	C:\Windows\SYSTEM32\profapi.dll
0x00007ffa2d850000 - 0x00007ffa2d860000 	C:\Program Files\JetBrains\IntelliJ IDEA 2024.2.0.1\jbr\bin\net.dll
0x00007ffa30700000 - 0x00007ffa30836000 	C:\Windows\SYSTEM32\WINHTTP.dll
0x00007ffa33f00000 - 0x00007ffa33f69000 	C:\Windows\system32\mswsock.dll
0x00007ffa2aec0000 - 0x00007ffa2aed6000 	C:\Program Files\JetBrains\IntelliJ IDEA 2024.2.0.1\jbr\bin\nio.dll
0x00007ffa34150000 - 0x00007ffa3416b000 	C:\Windows\SYSTEM32\CRYPTSP.dll
0x00007ffa339e0000 - 0x00007ffa33a15000 	C:\Windows\system32\rsaenh.dll
0x00007ffa33ff0000 - 0x00007ffa34018000 	C:\Windows\SYSTEM32\USERENV.dll
0x00007ffa34170000 - 0x00007ffa3417c000 	C:\Windows\SYSTEM32\CRYPTBASE.dll
0x00007ffa33480000 - 0x00007ffa334ad000 	C:\Windows\SYSTEM32\IPHLPAPI.DLL
0x00007ffa36920000 - 0x00007ffa36929000 	C:\Windows\System32\NSI.dll
0x00007ffa29cb0000 - 0x00007ffa29cbe000 	C:\Program Files\JetBrains\IntelliJ IDEA 2024.2.0.1\jbr\bin\sunmscapi.dll
0x00007ffa349d0000 - 0x00007ffa34b36000 	C:\Windows\System32\CRYPT32.dll
0x00007ffa34310000 - 0x00007ffa3433d000 	C:\Windows\SYSTEM32\ncrypt.dll
0x00007ffa342d0000 - 0x00007ffa34307000 	C:\Windows\SYSTEM32\NTASN1.dll
0x00007ffa2e650000 - 0x00007ffa2e658000 	C:\Windows\system32\wshunix.dll
0x00007ffa29c90000 - 0x00007ffa29c99000 	C:\Program Files\JetBrains\IntelliJ IDEA 2024.2.0.1\jbr\bin\extnet.dll

dbghelp: loaded successfully - version: 4.0.5 - missing functions: none
symbol engine: initialized successfully - sym options: 0x614 - pdb path: .;C:\Program Files\JetBrains\IntelliJ IDEA 2024.2.0.1\jbr\bin;C:\Windows\SYSTEM32;C:\Windows\WinSxS\amd64_microsoft.windows.common-controls_6595b64144ccf1df_6.0.22621.4541_none_2710d1c57384c085;C:\Program Files\JetBrains\IntelliJ IDEA 2024.2.0.1\jbr\bin\server

VM Arguments:
java_command: git4idea.http.GitAskPassApp Username for 'https://github.com': 
java_class_path (initial): C:/Program Files/JetBrains/IntelliJ IDEA 2024.2.0.1/plugins/vcs-git/lib/git4idea-rt.jar;C:/Program Files/JetBrains/IntelliJ IDEA 2024.2.0.1/lib/externalProcess-rt.jar
Launcher Type: SUN_STANDARD

[Global flags]
     intx CICompilerCount                          = 3                                         {product} {ergonomic}
     uint ConcGCThreads                            = 1                                         {product} {ergonomic}
     uint G1ConcRefinementThreads                  = 4                                         {product} {ergonomic}
   size_t G1HeapRegionSize                         = 1048576                                   {product} {ergonomic}
    uintx GCDrainStackTargetSize                   = 64                                        {product} {ergonomic}
   size_t InitialHeapSize                          = 132120576                                 {product} {ergonomic}
   size_t MarkStackSize                            = 4194304                                   {product} {ergonomic}
   size_t MaxHeapSize                              = 2107637760                                {product} {ergonomic}
   size_t MaxNewSize                               = 1264582656                                {product} {ergonomic}
   size_t MinHeapDeltaBytes                        = 1048576                                   {product} {ergonomic}
   size_t MinHeapSize                              = 8388608                                   {product} {ergonomic}
    uintx NonNMethodCodeHeapSize                   = 5832780                                {pd product} {ergonomic}
    uintx NonProfiledCodeHeapSize                  = 122912730                              {pd product} {ergonomic}
    uintx ProfiledCodeHeapSize                     = 122912730                              {pd product} {ergonomic}
    uintx ReservedCodeCacheSize                    = 251658240                              {pd product} {ergonomic}
     bool SegmentedCodeCache                       = true                                      {product} {ergonomic}
   size_t SoftMaxHeapSize                          = 2107637760                             {manageable} {ergonomic}
     bool UseCompressedOops                        = true                           {product lp64_product} {ergonomic}
     bool UseG1GC                                  = true                                      {product} {ergonomic}
     bool UseLargePagesIndividualAllocation        = false                                  {pd product} {ergonomic}

Logging:
Log output configuration:
 #0: stdout all=warning uptime,level,tags foldmultilines=false
 #1: stderr all=off uptime,level,tags foldmultilines=false

Environment Variables:
PATH=C:\Program Files\Git\mingw64\libexec\git-core;C:\Program Files\Git\mingw64\libexec\git-core;C:\Program Files\Git\mingw64\bin;C:\Program Files\Git\usr\bin;C:\Users\Ami\bin;C:\Program Files (x86)\Pervasive Software\PSQL\bin;C:\Python312\Scripts;C:\Python312;C:\Program Files\Common Files\Oracle\Java\javapath;C:\Program Files (x86)\Common Files\Oracle\Java\java8path;C:\Program Files (x86)\Common Files\Oracle\Java\javapath;C:\Windows\system32;C:\Windows;C:\Windows\System32\Wbem;C:\Windows\System32\WindowsPowerShell\v1.0;C:\Windows\System32\OpenSSH;C:\Program Files\nodejs;C:\ProgramData\chocolatey\bin;C:\Program Files (x86)\NetSarang\Xshell 8;C:\Program Files\PuTTY;C:\Program Files\PowerShell\7;C:\Program Files\dotnet;C:\Program Files\Git\cmd;C:\Program Files\MySQL\MySQL Shell 8.0\bin;C:\Users\Ami\AppData\Local\Microsoft\WindowsApps;C:\Program Files\JetBrains\IntelliJ IDEA 2024.2.0.1\bin;C:\Users\Ami\AppData\Roaming\npm
USERNAME=Ami
DISPLAY=:0.0
LC_ALL=en_US.UTF-8
TERM=xterm-256color
TMPDIR=C:\Users\Ami\AppData\Local\Temp
OS=Windows_NT
PROCESSOR_IDENTIFIER=Intel64 Family 6 Model 142 Stepping 9, GenuineIntel
TMP=C:\Users\Ami\AppData\Local\Temp
TEMP=C:\Users\Ami\AppData\Local\Temp




Periodic native trim disabled

JNI global refs:
JNI global refs: 19, weak refs: 0

JNI global refs memory usage: 835, weak refs: 833

Process memory usage:
Resident Set Size: 82112K (0% of 8231992K total physical memory with 582500K free physical memory)

OOME stack traces (most recent first):
Classloader memory used:
Loader bootstrap                                                                       : 16025K
Loader jdk.internal.loader.ClassLoaders$PlatformClassLoader                            : 1633K
Loader jdk.internal.loader.ClassLoaders$AppClassLoader                                 : 16456B

---------------  S Y S T E M  ---------------

OS:
 Windows 11 , 64 bit Build 22621 (10.0.22621.4391)
OS uptime: 9 days 3:30 hours

CPU: total 4 (initial active 4) (2 cores per cpu, 2 threads per core) family 6 model 142 stepping 9 microcode 0xde, cx8, cmov, fxsr, ht, mmx, 3dnowpref, sse, sse2, sse3, ssse3, sse4.1, sse4.2, popcnt, lzcnt, tsc, tscinvbit, avx, avx2, aes, erms, clmul, bmi1, bmi2, rtm, adx, fma, vzeroupper, clflush, clflushopt, rdtscp, f16c
Processor Information for processor 0
  Max Mhz: 2904, Current Mhz: 1502, Mhz Limit: 2787
Processor Information for processor 1
  Max Mhz: 2904, Current Mhz: 2803, Mhz Limit: 2787
Processor Information for processor 2
  Max Mhz: 2904, Current Mhz: 2803, Mhz Limit: 2787
Processor Information for processor 3
  Max Mhz: 2904, Current Mhz: 1502, Mhz Limit: 2787

Memory: 4k page, system-wide physical 8039M (568M free)
TotalPageFile size 23287M (AvailPageFile size 4M)
current process WorkingSet (physical memory assigned to process): 80M, peak: 80M
current process commit charge ("private bytes"): 216M, peak: 217M

vm_info: OpenJDK 64-Bit Server VM (21.0.3+13-b509.4) for windows-amd64 JRE (21.0.3+13-b509.4), built on 2024-06-26 by "builduser" with MS VC++ 16.10 / 16.11 (VS2019)

END.
