#
# There is insufficient memory for the Java Runtime Environment to continue.
# Native memory allocation (malloc) failed to allocate 1048576 bytes. Error detail: AllocateHeap
# Possible reasons:
#   The system is out of physical RAM or swap space
#   This process is running with CompressedOops enabled, and the Java Heap may be blocking the growth of the native heap
# Possible solutions:
#   Reduce memory load on the system
#   Increase physical memory or swap space
#   Check if swap backing store is full
#   Decrease Java heap size (-Xmx/-Xms)
#   Decrease number of Java threads
#   Decrease Java thread stack sizes (-Xss)
#   Set larger code cache with -XX:ReservedCodeCacheSize=
#   JVM is running with Unscaled Compressed Oops mode in which the Java heap is
#     placed in the first 4GB address space. The Java Heap base address is the
#     maximum limit for the native heap growth. Please use -XX:HeapBaseMinAddress
#     to set the Java Heap base and to place the Java Heap above 4GB virtual address.
# This output file may be truncated or incomplete.
#
#  Out of Memory Error (allocation.cpp:44), pid=2668, tid=1492
#
# JRE version:  (21.0.3+13) (build )
# Java VM: OpenJDK 64-Bit Server VM (21.0.3+13-b509.4, mixed mode, sharing, tiered, compressed oops, compressed class ptrs, g1 gc, windows-amd64)
# No core dump will be written. Minidumps are not enabled by default on client versions of Windows
#

---------------  S U M M A R Y ------------

Command Line: git4idea.http.GitAskPassApp Username for 'https://github.com': 

Host: Intel(R) Core(TM) i7-7600U CPU @ 2.80GHz, 4 cores, 7G,  Windows 11 , 64 bit Build 22621 (10.0.22621.4391)
Time: Sat Feb  8 17:58:20 2025 E. Africa Standard Time elapsed time: 0.040530 seconds (0d 0h 0m 0s)

---------------  T H R E A D  ---------------

Current thread (0x00000219a6cdf590):  JavaThread "Unknown thread" [_thread_in_vm, id=1492, stack(0x000000e499e00000,0x000000e499f00000) (1024K)]

Stack: [0x000000e499e00000,0x000000e499f00000]
Native frames: (J=compiled Java code, j=interpreted, Vv=VM code, C=native code)
V  [jvm.dll+0x6e02e9]
V  [jvm.dll+0x8bd373]
V  [jvm.dll+0x8bf8ce]
V  [jvm.dll+0x8bffb3]
V  [jvm.dll+0x2879b6]
V  [jvm.dll+0xc0827]
V  [jvm.dll+0x32fef5]
V  [jvm.dll+0x88459d]
V  [jvm.dll+0x3c5f28]
V  [jvm.dll+0x86d7fd]
V  [jvm.dll+0x45ab8e]
V  [jvm.dll+0x45c761]
C  [jli.dll+0x52ab]
C  [ucrtbase.dll+0x29333]
C  [KERNEL32.DLL+0x1259d]
C  [ntdll.dll+0x5af38]


---------------  P R O C E S S  ---------------

Threads class SMR info:
_java_thread_list=0x00007ff9db83d108, length=0, elements={
}

Java Threads: ( => current thread )
Total: 0

Other Threads:

=>0x00000219a6cdf590 (exited) JavaThread "Unknown thread"    [_thread_in_vm, id=1492, stack(0x000000e499e00000,0x000000e499f00000) (1024K)]
Total: 1

Threads with active compile tasks:
Total: 0

VM state: not at safepoint (not fully initialized)

VM Mutex/Monitor currently owned by a thread: None

Heap address: 0x0000000000000000, size: 0 MB, Compressed Oops mode: 32-bit

CDS archive(s) mapped at: [0x0000000000000000-0x0000000000000000-0x0000000000000000), size 0, SharedBaseAddress: 0x0000000800000000, ArchiveRelocationMode: 1.
Narrow klass base: 0x0000000000000000, Narrow klass shift: 0, Narrow klass range: 0x0

GC Precious Log:
 CardTable entry size: 512
 Card Set container configuration: InlinePtr #cards 5 size 8 Array Of Cards #cards 12 size 40 Howl #buckets 4 coarsen threshold 1843 Howl Bitmap #cards 512 size 80 coarsen threshold 460 Card regions per heap region 1 cards per card region 2048

GC Heap History (0 events):
No events

Dll operation events (1 events):
Event: 0.029 Loaded shared library C:\Program Files\JetBrains\IntelliJ IDEA 2024.2.0.1\jbr\bin\java.dll

Deoptimization events (0 events):
No events

Classes loaded (0 events):
No events

Classes unloaded (0 events):
No events

Classes redefined (0 events):
No events

Internal exceptions (0 events):
No events

ZGC Phase Switch (0 events):
No events

VM Operations (0 events):
No events

Events (0 events):
No events


Dynamic libraries:
0x00007ff609f00000 - 0x00007ff609f0a000 	C:\Program Files\JetBrains\IntelliJ IDEA 2024.2.0.1\jbr\bin\java.exe
0x00007ffa39ab0000 - 0x00007ffa39cc7000 	C:\Windows\SYSTEM32\ntdll.dll
0x00007ffa37e00000 - 0x00007ffa37ec4000 	C:\Windows\System32\KERNEL32.DLL
0x00007ffa37310000 - 0x00007ffa376ca000 	C:\Windows\System32\KERNELBASE.dll
0x00007ffa36fa0000 - 0x00007ffa370b1000 	C:\Windows\System32\ucrtbase.dll
0x00007ffa30eb0000 - 0x00007ffa30ecb000 	C:\Program Files\JetBrains\IntelliJ IDEA 2024.2.0.1\jbr\bin\VCRUNTIME140.dll
0x00007ffa27f40000 - 0x00007ffa27f58000 	C:\Program Files\JetBrains\IntelliJ IDEA 2024.2.0.1\jbr\bin\jli.dll
0x00007ffa37970000 - 0x00007ffa37b1e000 	C:\Windows\System32\USER32.dll
0x00007ffa371e0000 - 0x00007ffa37206000 	C:\Windows\System32\win32u.dll
0x00007ffa1df30000 - 0x00007ffa1e1c2000 	C:\Windows\WinSxS\amd64_microsoft.windows.common-controls_6595b64144ccf1df_6.0.22621.4541_none_2710d1c57384c085\COMCTL32.dll
0x00007ffa37b40000 - 0x00007ffa37b69000 	C:\Windows\System32\GDI32.dll
0x00007ffa370c0000 - 0x00007ffa371db000 	C:\Windows\System32\gdi32full.dll
0x00007ffa376d0000 - 0x00007ffa3776a000 	C:\Windows\System32\msvcp_win.dll
0x00007ffa38020000 - 0x00007ffa380c7000 	C:\Windows\System32\msvcrt.dll
0x00007ffa39a00000 - 0x00007ffa39a31000 	C:\Windows\System32\IMM32.DLL
0x00007ffa31080000 - 0x00007ffa3108c000 	C:\Program Files\JetBrains\IntelliJ IDEA 2024.2.0.1\jbr\bin\vcruntime140_1.dll
0x00007ff9fc280000 - 0x00007ff9fc30d000 	C:\Program Files\JetBrains\IntelliJ IDEA 2024.2.0.1\jbr\bin\msvcp140.dll
0x00007ff9dabf0000 - 0x00007ff9db9a2000 	C:\Program Files\JetBrains\IntelliJ IDEA 2024.2.0.1\jbr\bin\server\jvm.dll
0x00007ffa395a0000 - 0x00007ffa39652000 	C:\Windows\System32\ADVAPI32.dll
0x00007ffa386f0000 - 0x00007ffa38797000 	C:\Windows\System32\sechost.dll
0x00007ffa36eb0000 - 0x00007ffa36ed8000 	C:\Windows\System32\bcrypt.dll
0x00007ffa377d0000 - 0x00007ffa378e4000 	C:\Windows\System32\RPCRT4.dll
0x00007ffa380e0000 - 0x00007ffa38151000 	C:\Windows\System32\WS2_32.dll
0x00007ffa275b0000 - 0x00007ffa275e4000 	C:\Windows\SYSTEM32\WINMM.dll
0x00007ffa32760000 - 0x00007ffa3276a000 	C:\Windows\SYSTEM32\VERSION.dll
0x00007ffa35bd0000 - 0x00007ffa35c1d000 	C:\Windows\SYSTEM32\POWRPROF.dll
0x00007ffa35bb0000 - 0x00007ffa35bc3000 	C:\Windows\SYSTEM32\UMPDC.dll
0x00007ffa35e10000 - 0x00007ffa35e28000 	C:\Windows\SYSTEM32\kernel.appcore.dll
0x00007ffa31070000 - 0x00007ffa3107a000 	C:\Program Files\JetBrains\IntelliJ IDEA 2024.2.0.1\jbr\bin\jimage.dll
0x00007ffa22470000 - 0x00007ffa226a2000 	C:\Windows\SYSTEM32\DBGHELP.DLL
0x00007ffa39660000 - 0x00007ffa399f1000 	C:\Windows\System32\combase.dll
0x00007ffa37f40000 - 0x00007ffa38017000 	C:\Windows\System32\OLEAUT32.dll
0x00007ffa229e0000 - 0x00007ffa22a12000 	C:\Windows\SYSTEM32\dbgcore.DLL
0x00007ffa37210000 - 0x00007ffa3728b000 	C:\Windows\System32\bcryptPrimitives.dll
0x00007ffa27f20000 - 0x00007ffa27f3f000 	C:\Program Files\JetBrains\IntelliJ IDEA 2024.2.0.1\jbr\bin\java.dll

dbghelp: loaded successfully - version: 4.0.5 - missing functions: none
symbol engine: initialized successfully - sym options: 0x614 - pdb path: .;C:\Program Files\JetBrains\IntelliJ IDEA 2024.2.0.1\jbr\bin;C:\Windows\SYSTEM32;C:\Windows\WinSxS\amd64_microsoft.windows.common-controls_6595b64144ccf1df_6.0.22621.4541_none_2710d1c57384c085;C:\Program Files\JetBrains\IntelliJ IDEA 2024.2.0.1\jbr\bin\server

VM Arguments:
java_command: git4idea.http.GitAskPassApp Username for 'https://github.com': 
java_class_path (initial): C:/Program Files/JetBrains/IntelliJ IDEA 2024.2.0.1/plugins/vcs-git/lib/git4idea-rt.jar;C:/Program Files/JetBrains/IntelliJ IDEA 2024.2.0.1/lib/externalProcess-rt.jar
Launcher Type: SUN_STANDARD

[Global flags]
     intx CICompilerCount                          = 3                                         {product} {ergonomic}
     uint ConcGCThreads                            = 1                                         {product} {ergonomic}
     uint G1ConcRefinementThreads                  = 4                                         {product} {ergonomic}
   size_t G1HeapRegionSize                         = 1048576                                   {product} {ergonomic}
    uintx GCDrainStackTargetSize                   = 64                                        {product} {ergonomic}
   size_t InitialHeapSize                          = 132120576                                 {product} {ergonomic}
   size_t MarkStackSize                            = 4194304                                   {product} {ergonomic}
   size_t MaxHeapSize                              = 2107637760                                {product} {ergonomic}
   size_t MinHeapDeltaBytes                        = 1048576                                   {product} {ergonomic}
   size_t MinHeapSize                              = 8388608                                   {product} {ergonomic}
    uintx NonNMethodCodeHeapSize                   = 5832780                                {pd product} {ergonomic}
    uintx NonProfiledCodeHeapSize                  = 122912730                              {pd product} {ergonomic}
    uintx ProfiledCodeHeapSize                     = 122912730                              {pd product} {ergonomic}
    uintx ReservedCodeCacheSize                    = 251658240                              {pd product} {ergonomic}
     bool SegmentedCodeCache                       = true                                      {product} {ergonomic}
   size_t SoftMaxHeapSize                          = 2107637760                             {manageable} {ergonomic}
     bool UseCompressedOops                        = true                           {product lp64_product} {ergonomic}
     bool UseG1GC                                  = true                                      {product} {ergonomic}
     bool UseLargePagesIndividualAllocation        = false                                  {pd product} {ergonomic}

Logging:
Log output configuration:
 #0: stdout all=warning uptime,level,tags foldmultilines=false
 #1: stderr all=off uptime,level,tags foldmultilines=false

Environment Variables:
PATH=C:\Program Files\Git\mingw64\libexec\git-core;C:\Program Files\Git\mingw64\libexec\git-core;C:\Program Files\Git\mingw64\bin;C:\Program Files\Git\usr\bin;C:\Users\Ami\bin;C:\Program Files (x86)\Pervasive Software\PSQL\bin;C:\Python312\Scripts;C:\Python312;C:\Program Files\Common Files\Oracle\Java\javapath;C:\Program Files (x86)\Common Files\Oracle\Java\java8path;C:\Program Files (x86)\Common Files\Oracle\Java\javapath;C:\Windows\system32;C:\Windows;C:\Windows\System32\Wbem;C:\Windows\System32\WindowsPowerShell\v1.0;C:\Windows\System32\OpenSSH;C:\Program Files\nodejs;C:\ProgramData\chocolatey\bin;C:\Program Files (x86)\NetSarang\Xshell 8;C:\Program Files\PuTTY;C:\Program Files\PowerShell\7;C:\Program Files\dotnet;C:\Program Files\Git\cmd;C:\Program Files\MySQL\MySQL Shell 8.0\bin;C:\Users\Ami\AppData\Local\Microsoft\WindowsApps;C:\Program Files\JetBrains\IntelliJ IDEA 2024.2.0.1\bin;C:\Users\Ami\AppData\Roaming\npm
USERNAME=Ami
DISPLAY=:0.0
LC_ALL=en_US.UTF-8
TERM=xterm-256color
TMPDIR=C:\Users\Ami\AppData\Local\Temp
OS=Windows_NT
PROCESSOR_IDENTIFIER=Intel64 Family 6 Model 142 Stepping 9, GenuineIntel
TMP=C:\Users\Ami\AppData\Local\Temp
TEMP=C:\Users\Ami\AppData\Local\Temp




Periodic native trim disabled

JNI global refs:
JNI global refs: 0, weak refs: 0

JNI global refs memory usage: 0, weak refs: 0

Process memory usage:
Resident Set Size: 11476K (0% of 8231992K total physical memory with 199156K free physical memory)

OOME stack traces (most recent first):
Classloader memory used:

---------------  S Y S T E M  ---------------

OS:
 Windows 11 , 64 bit Build 22621 (10.0.22621.4391)
OS uptime: 7 days 7:49 hours

CPU: total 4 (initial active 4) (2 cores per cpu, 2 threads per core) family 6 model 142 stepping 9 microcode 0xde, cx8, cmov, fxsr, ht, mmx, 3dnowpref, sse, sse2, sse3, ssse3, sse4.1, sse4.2, popcnt, lzcnt, tsc, tscinvbit, avx, avx2, aes, erms, clmul, bmi1, bmi2, rtm, adx, fma, vzeroupper, clflush, clflushopt, rdtscp, f16c
Processor Information for all 4 processors :
  Max Mhz: 2904, Current Mhz: 2803, Mhz Limit: 2787

Memory: 4k page, system-wide physical 8039M (194M free)
TotalPageFile size 23287M (AvailPageFile size 5M)
current process WorkingSet (physical memory assigned to process): 11M, peak: 11M
current process commit charge ("private bytes"): 13M, peak: 14M

vm_info: OpenJDK 64-Bit Server VM (21.0.3+13-b509.4) for windows-amd64 JRE (21.0.3+13-b509.4), built on 2024-06-26 by "builduser" with MS VC++ 16.10 / 16.11 (VS2019)

END.
