#
# There is insufficient memory for the Java Runtime Environment to continue.
# Native memory allocation (mmap) failed to map 132120576 bytes. Error detail: G1 virtual space
# Possible reasons:
#   The system is out of physical RAM or swap space
#   This process is running with CompressedOops enabled, and the Java Heap may be blocking the growth of the native heap
# Possible solutions:
#   Reduce memory load on the system
#   Increase physical memory or swap space
#   Check if swap backing store is full
#   Decrease Java heap size (-Xmx/-Xms)
#   Decrease number of Java threads
#   Decrease Java thread stack sizes (-Xss)
#   Set larger code cache with -XX:ReservedCodeCacheSize=
#   JVM is running with Unscaled Compressed Oops mode in which the Java heap is
#     placed in the first 4GB address space. The Java Heap base address is the
#     maximum limit for the native heap growth. Please use -XX:HeapBaseMinAddress
#     to set the Java Heap base and to place the Java Heap above 4GB virtual address.
# This output file may be truncated or incomplete.
#
#  Out of Memory Error (os_windows.cpp:3815), pid=20500, tid=4808
#
# JRE version:  (21.0.3+13) (build )
# Java VM: OpenJDK 64-Bit Server VM (21.0.3+13-b509.4, mixed mode, sharing, tiered, compressed oops, compressed class ptrs, g1 gc, windows-amd64)
# No core dump will be written. Minidumps are not enabled by default on client versions of Windows
#

---------------  S U M M A R Y ------------

Command Line: git4idea.http.GitAskPassApp Username for 'https://github.com': 

Host: Intel(R) Core(TM) i7-7600U CPU @ 2.80GHz, 4 cores, 7G,  Windows 11 , 64 bit Build 22621 (10.0.22621.4974)
Time: Sun Apr  6 22:08:51 2025 E. Africa Standard Time elapsed time: 0.882219 seconds (0d 0h 0m 0s)

---------------  T H R E A D  ---------------

Current thread (0x000002297c8b25b0):  JavaThread "Unknown thread" [_thread_in_vm, id=4808, stack(0x000000e09ef00000,0x000000e09f000000) (1024K)]

Stack: [0x000000e09ef00000,0x000000e09f000000]
Native frames: (J=compiled Java code, j=interpreted, Vv=VM code, C=native code)
V  [jvm.dll+0x6e02e9]
V  [jvm.dll+0x8bd373]
V  [jvm.dll+0x8bf8ce]
V  [jvm.dll+0x8bffb3]
V  [jvm.dll+0x2879b6]
V  [jvm.dll+0x6dcab5]
V  [jvm.dll+0x6d0f8a]
V  [jvm.dll+0x35f9ab]
V  [jvm.dll+0x367556]
V  [jvm.dll+0x3b8b46]
V  [jvm.dll+0x3b8e18]
V  [jvm.dll+0x33216c]
V  [jvm.dll+0x332e5b]
V  [jvm.dll+0x8845d9]
V  [jvm.dll+0x3c5f28]
V  [jvm.dll+0x86d7fd]
V  [jvm.dll+0x45ab8e]
V  [jvm.dll+0x45c761]
C  [jli.dll+0x52ab]
C  [ucrtbase.dll+0x29333]
C  [KERNEL32.DLL+0x1259d]
C  [ntdll.dll+0x5af38]


---------------  P R O C E S S  ---------------

Threads class SMR info:
_java_thread_list=0x00007ffa19d9d108, length=0, elements={
}

Java Threads: ( => current thread )
Total: 0

Other Threads:
  0x000002297ea3f130 WorkerThread "GC Thread#0"                     [id=20680, stack(0x000000e09f000000,0x000000e09f100000) (1024K)]
  0x000002297ea4fc50 ConcurrentGCThread "G1 Main Marker"            [id=12532, stack(0x000000e09f100000,0x000000e09f200000) (1024K)]
  0x000002297ea50750 WorkerThread "G1 Conc#0"                       [id=14016, stack(0x000000e09f200000,0x000000e09f300000) (1024K)]

[error occurred during error reporting (printing all threads), id 0xc0000005, EXCEPTION_ACCESS_VIOLATION (0xc0000005) at pc=0x00007ffa194952c7]
VM state: not at safepoint (not fully initialized)

VM Mutex/Monitor currently owned by a thread:  ([mutex/lock_event])
[0x00007ffa19e11858] Heap_lock - owner thread: 0x000002297c8b25b0

Heap address: 0x0000000082600000, size: 2010 MB, Compressed Oops mode: 32-bit

CDS archive(s) mapped at: [0x0000000000000000-0x0000000000000000-0x0000000000000000), size 0, SharedBaseAddress: 0x0000000800000000, ArchiveRelocationMode: 1.
Narrow klass base: 0x0000000000000000, Narrow klass shift: 0, Narrow klass range: 0x0

GC Precious Log:
 CardTable entry size: 512
 Card Set container configuration: InlinePtr #cards 5 size 8 Array Of Cards #cards 12 size 40 Howl #buckets 4 coarsen threshold 1843 Howl Bitmap #cards 512 size 80 coarsen threshold 460 Card regions per heap region 1 cards per card region 2048

Heap:
 garbage-first heap   total 0K, used 0K [0x0000000082600000, 0x0000000100000000)
  region size 1024K, 0 young (0K), 0 survivors (0K)
 Metaspace       used 0K, committed 0K, reserved 0K
  class space    used 0K, committed 0K, reserved 0K

Heap Regions: E=young(eden), S=young(survivor), O=old, HS=humongous(starts), HC=humongous(continues), CS=collection set, F=free, TAMS=top-at-mark-start, PB=parsable bottom

Card table byte_map: [0x000002297eea0000,0x000002297f290000] _byte_map_base: 0x000002297ea8d000

Marking Bits: (CMBitMap*) 0x000002297ea3f830
 Bits: [0x0000022912e50000, 0x0000022914db8000)

GC Heap History (0 events):
No events

Dll operation events (1 events):
Event: 0.858 Loaded shared library C:\Program Files\JetBrains\IntelliJ IDEA 2024.2.0.1\jbr\bin\java.dll

Deoptimization events (0 events):
No events

Classes loaded (0 events):
No events

Classes unloaded (0 events):
No events

Classes redefined (0 events):
No events

Internal exceptions (0 events):
No events

ZGC Phase Switch (0 events):
No events

VM Operations (0 events):
No events

Events (0 events):
No events


Dynamic libraries:
0x00007ff6238c0000 - 0x00007ff6238ca000 	C:\Program Files\JetBrains\IntelliJ IDEA 2024.2.0.1\jbr\bin\java.exe
0x00007ffa7f330000 - 0x00007ffa7f547000 	C:\Windows\SYSTEM32\ntdll.dll
0x00007ffa7e340000 - 0x00007ffa7e404000 	C:\Windows\System32\KERNEL32.DLL
0x00007ffa7c660000 - 0x00007ffa7ca31000 	C:\Windows\System32\KERNELBASE.dll
0x00007ffa7ca40000 - 0x00007ffa7cb51000 	C:\Windows\System32\ucrtbase.dll
0x00007ffa70550000 - 0x00007ffa7056b000 	C:\Program Files\JetBrains\IntelliJ IDEA 2024.2.0.1\jbr\bin\VCRUNTIME140.dll
0x00007ffa53ea0000 - 0x00007ffa53eb8000 	C:\Program Files\JetBrains\IntelliJ IDEA 2024.2.0.1\jbr\bin\jli.dll
0x00007ffa7ecb0000 - 0x00007ffa7ee61000 	C:\Windows\System32\USER32.dll
0x00007ffa7cb60000 - 0x00007ffa7cb86000 	C:\Windows\System32\win32u.dll
0x00007ffa7e600000 - 0x00007ffa7e629000 	C:\Windows\System32\GDI32.dll
0x00007ffa7cc60000 - 0x00007ffa7cd7b000 	C:\Windows\System32\gdi32full.dll
0x00007ffa7cbc0000 - 0x00007ffa7cc5a000 	C:\Windows\System32\msvcp_win.dll
0x00007ffa7b750000 - 0x00007ffa7b9e2000 	C:\Windows\WinSxS\amd64_microsoft.windows.common-controls_6595b64144ccf1df_6.0.22621.4830_none_270fe7d773858e80\COMCTL32.dll
0x00007ffa7dfb0000 - 0x00007ffa7e057000 	C:\Windows\System32\msvcrt.dll
0x00007ffa7d0b0000 - 0x00007ffa7d0e1000 	C:\Windows\System32\IMM32.DLL
0x00007ffa6a850000 - 0x00007ffa6a85c000 	C:\Program Files\JetBrains\IntelliJ IDEA 2024.2.0.1\jbr\bin\vcruntime140_1.dll
0x00007ffa2c5c0000 - 0x00007ffa2c64d000 	C:\Program Files\JetBrains\IntelliJ IDEA 2024.2.0.1\jbr\bin\msvcp140.dll
0x00007ffa19150000 - 0x00007ffa19f02000 	C:\Program Files\JetBrains\IntelliJ IDEA 2024.2.0.1\jbr\bin\server\jvm.dll
0x00007ffa7ebf0000 - 0x00007ffa7eca1000 	C:\Windows\System32\ADVAPI32.dll
0x00007ffa7d000000 - 0x00007ffa7d0a7000 	C:\Windows\System32\sechost.dll
0x00007ffa7cb90000 - 0x00007ffa7cbb8000 	C:\Windows\System32\bcrypt.dll
0x00007ffa7ea50000 - 0x00007ffa7eb64000 	C:\Windows\System32\RPCRT4.dll
0x00007ffa7dd80000 - 0x00007ffa7ddf1000 	C:\Windows\System32\WS2_32.dll
0x00007ffa7c290000 - 0x00007ffa7c2dd000 	C:\Windows\SYSTEM32\POWRPROF.dll
0x00007ffa7a000000 - 0x00007ffa7a00a000 	C:\Windows\SYSTEM32\VERSION.dll
0x00007ffa696c0000 - 0x00007ffa696f4000 	C:\Windows\SYSTEM32\WINMM.dll
0x00007ffa7c170000 - 0x00007ffa7c183000 	C:\Windows\SYSTEM32\UMPDC.dll
0x00007ffa7a5a0000 - 0x00007ffa7a5b8000 	C:\Windows\SYSTEM32\kernel.appcore.dll
0x00007ffa6a0b0000 - 0x00007ffa6a0ba000 	C:\Program Files\JetBrains\IntelliJ IDEA 2024.2.0.1\jbr\bin\jimage.dll
0x00007ffa7bce0000 - 0x00007ffa7bf12000 	C:\Windows\SYSTEM32\DBGHELP.DLL
0x00007ffa7d100000 - 0x00007ffa7d490000 	C:\Windows\System32\combase.dll
0x00007ffa7e950000 - 0x00007ffa7ea27000 	C:\Windows\System32\OLEAUT32.dll
0x00007ffa7bbd0000 - 0x00007ffa7bc02000 	C:\Windows\SYSTEM32\dbgcore.DLL
0x00007ffa7c470000 - 0x00007ffa7c4eb000 	C:\Windows\System32\bcryptPrimitives.dll
0x00007ffa53ec0000 - 0x00007ffa53edf000 	C:\Program Files\JetBrains\IntelliJ IDEA 2024.2.0.1\jbr\bin\java.dll

dbghelp: loaded successfully - version: 4.0.5 - missing functions: none
symbol engine: initialized successfully - sym options: 0x614 - pdb path: .;C:\Program Files\JetBrains\IntelliJ IDEA 2024.2.0.1\jbr\bin;C:\Windows\SYSTEM32;C:\Windows\WinSxS\amd64_microsoft.windows.common-controls_6595b64144ccf1df_6.0.22621.4830_none_270fe7d773858e80;C:\Program Files\JetBrains\IntelliJ IDEA 2024.2.0.1\jbr\bin\server

VM Arguments:
java_command: git4idea.http.GitAskPassApp Username for 'https://github.com': 
java_class_path (initial): C:/Program Files/JetBrains/IntelliJ IDEA 2024.2.0.1/plugins/vcs-git/lib/git4idea-rt.jar;C:/Program Files/JetBrains/IntelliJ IDEA 2024.2.0.1/lib/externalProcess-rt.jar
Launcher Type: SUN_STANDARD

[Global flags]
     intx CICompilerCount                          = 3                                         {product} {ergonomic}
     uint ConcGCThreads                            = 1                                         {product} {ergonomic}
     uint G1ConcRefinementThreads                  = 4                                         {product} {ergonomic}
   size_t G1HeapRegionSize                         = 1048576                                   {product} {ergonomic}
    uintx GCDrainStackTargetSize                   = 64                                        {product} {ergonomic}
   size_t InitialHeapSize                          = 132120576                                 {product} {ergonomic}
   size_t MarkStackSize                            = 4194304                                   {product} {ergonomic}
   size_t MaxHeapSize                              = 2107637760                                {product} {ergonomic}
   size_t MinHeapDeltaBytes                        = 1048576                                   {product} {ergonomic}
   size_t MinHeapSize                              = 8388608                                   {product} {ergonomic}
    uintx NonNMethodCodeHeapSize                   = 5832780                                {pd product} {ergonomic}
    uintx NonProfiledCodeHeapSize                  = 122912730                              {pd product} {ergonomic}
    uintx ProfiledCodeHeapSize                     = 122912730                              {pd product} {ergonomic}
    uintx ReservedCodeCacheSize                    = 251658240                              {pd product} {ergonomic}
     bool SegmentedCodeCache                       = true                                      {product} {ergonomic}
   size_t SoftMaxHeapSize                          = 2107637760                             {manageable} {ergonomic}
     bool UseCompressedOops                        = true                           {product lp64_product} {ergonomic}
     bool UseG1GC                                  = true                                      {product} {ergonomic}
     bool UseLargePagesIndividualAllocation        = false                                  {pd product} {ergonomic}

Logging:
Log output configuration:
 #0: stdout all=warning uptime,level,tags foldmultilines=false
 #1: stderr all=off uptime,level,tags foldmultilines=false

Environment Variables:
PATH=C:\Program Files\Git\mingw64\libexec\git-core;C:\Program Files\Git\mingw64\libexec\git-core;C:\Program Files\Git\mingw64\bin;C:\Program Files\Git\usr\bin;C:\Users\Ami\bin;C:\Program Files (x86)\Pervasive Software\PSQL\bin;C:\Python312\Scripts;C:\Python312;C:\Program Files\Common Files\Oracle\Java\javapath;C:\Program Files (x86)\Common Files\Oracle\Java\java8path;C:\Program Files (x86)\Common Files\Oracle\Java\javapath;C:\Windows\system32;C:\Windows;C:\Windows\System32\Wbem;C:\Windows\System32\WindowsPowerShell\v1.0;C:\Windows\System32\OpenSSH;C:\ProgramData\chocolatey\bin;C:\Program Files (x86)\NetSarang\Xshell 8;C:\Program Files\dotnet;C:\Program Files\PowerShell\7;C:\Program Files\Git\cmd;C:\Program Files\nodejs;C:\Program Files\MySQL\MySQL Shell 8.0\bin;C:\Users\Ami\AppData\Local\Microsoft\WindowsApps;C:\Program Files\JetBrains\IntelliJ IDEA 2024.2.0.1\bin;C:\Users\Ami\AppData\Roaming\npm
USERNAME=Ami
DISPLAY=:0.0
LC_ALL=en_US.UTF-8
TERM=xterm-256color
TMPDIR=C:\Users\Ami\AppData\Local\Temp
OS=Windows_NT
PROCESSOR_IDENTIFIER=Intel64 Family 6 Model 142 Stepping 9, GenuineIntel
TMP=C:\Users\Ami\AppData\Local\Temp
TEMP=C:\Users\Ami\AppData\Local\Temp




Periodic native trim disabled

JNI global refs:
JNI global refs: 0, weak refs: 0

JNI global refs memory usage: 0, weak refs: 0

Process memory usage:
Resident Set Size: 11612K (0% of 8231992K total physical memory with 272716K free physical memory)

OOME stack traces (most recent first):
Classloader memory used:

---------------  S Y S T E M  ---------------

OS:
 Windows 11 , 64 bit Build 22621 (10.0.22621.4974)
OS uptime: 6 days 19:34 hours

CPU: total 4 (initial active 4) (2 cores per cpu, 2 threads per core) family 6 model 142 stepping 9 microcode 0xde, cx8, cmov, fxsr, ht, mmx, 3dnowpref, sse, sse2, sse3, ssse3, sse4.1, sse4.2, popcnt, lzcnt, tsc, tscinvbit, avx, avx2, aes, erms, clmul, bmi1, bmi2, rtm, adx, fma, vzeroupper, clflush, clflushopt, rdtscp, f16c
Processor Information for all 4 processors :
  Max Mhz: 2904, Current Mhz: 2803, Mhz Limit: 2787

Memory: 4k page, system-wide physical 8039M (266M free)
TotalPageFile size 23286M (AvailPageFile size 91M)
current process WorkingSet (physical memory assigned to process): 11M, peak: 11M
current process commit charge ("private bytes"): 52M, peak: 177M

vm_info: OpenJDK 64-Bit Server VM (21.0.3+13-b509.4) for windows-amd64 JRE (21.0.3+13-b509.4), built on 2024-06-26 by "builduser" with MS VC++ 16.10 / 16.11 (VS2019)

END.
